2020-10-19 16:16:45.772  INFO 13136 --- [restartedMain] com.laboramus.sales.SalesApplication     : Starting SalesApplication on PAVANS-PC with PID 13136 (D:\Neptune Projs\Laboramus-sales\build\classes\java\main started by PAVANS in D:\Neptune Projs\Laboramus-sales)
2020-10-19 16:16:45.787  INFO 13136 --- [restartedMain] com.laboramus.sales.SalesApplication     : No active profile set, falling back to default profiles: default
2020-10-19 16:16:45.890  INFO 13136 --- [restartedMain] .e.DevToolsPropertyDefaultsPostProcessor : Devtools property defaults active! Set 'spring.devtools.add-properties' to 'false' to disable
2020-10-19 16:16:45.890  INFO 13136 --- [restartedMain] .e.DevToolsPropertyDefaultsPostProcessor : For additional web related logging consider setting the 'logging.level.web' property to 'DEBUG'
2020-10-19 16:16:46.842  INFO 13136 --- [restartedMain] .s.d.r.c.RepositoryConfigurationDelegate : Multiple Spring Data modules found, entering strict repository configuration mode!
2020-10-19 16:16:46.842  INFO 13136 --- [restartedMain] .s.d.r.c.RepositoryConfigurationDelegate : Bootstrapping Spring Data JDBC repositories in DEFAULT mode.
2020-10-19 16:16:46.864  INFO 13136 --- [restartedMain] .s.d.r.c.RepositoryConfigurationDelegate : Finished Spring Data repository scanning in 18ms. Found 0 JDBC repository interfaces.
2020-10-19 16:16:46.864  INFO 13136 --- [restartedMain] .s.d.r.c.RepositoryConfigurationDelegate : Multiple Spring Data modules found, entering strict repository configuration mode!
2020-10-19 16:16:46.864  INFO 13136 --- [restartedMain] .s.d.r.c.RepositoryConfigurationDelegate : Bootstrapping Spring Data JPA repositories in DEFERRED mode.
2020-10-19 16:16:46.911  INFO 13136 --- [restartedMain] .s.d.r.c.RepositoryConfigurationDelegate : Finished Spring Data repository scanning in 16ms. Found 0 JPA repository interfaces.
2020-10-19 16:16:47.661  INFO 13136 --- [restartedMain] o.s.b.w.embedded.tomcat.TomcatWebServer  : Tomcat initialized with port(s): 9000 (http)
2020-10-19 16:16:47.681  INFO 13136 --- [restartedMain] o.apache.catalina.core.StandardService   : Starting service [Tomcat]
2020-10-19 16:16:47.681  INFO 13136 --- [restartedMain] org.apache.catalina.core.StandardEngine  : Starting Servlet engine: [Apache Tomcat/9.0.38]
2020-10-19 16:16:47.794  INFO 13136 --- [restartedMain] o.a.c.c.C.[Tomcat].[localhost].[/]       : Initializing Spring embedded WebApplicationContext
2020-10-19 16:16:47.795  INFO 13136 --- [restartedMain] w.s.c.ServletWebServerApplicationContext : Root WebApplicationContext: initialization completed in 1904 ms
2020-10-19 16:16:48.001  INFO 13136 --- [restartedMain] o.s.s.concurrent.ThreadPoolTaskExecutor  : Initializing ExecutorService 'applicationTaskExecutor'
2020-10-19 16:16:48.012  INFO 13136 --- [restartedMain] com.zaxxer.hikari.HikariDataSource       : HikariPool-1 - Starting...
2020-10-19 16:16:48.261  INFO 13136 --- [restartedMain] com.zaxxer.hikari.HikariDataSource       : HikariPool-1 - Start completed.
2020-10-19 16:16:48.330  INFO 13136 --- [task-1] o.hibernate.jpa.internal.util.LogHelper  : HHH000204: Processing PersistenceUnitInfo [name: default]
2020-10-19 16:16:48.410  INFO 13136 --- [task-1] org.hibernate.Version                    : HHH000412: Hibernate ORM core version 5.4.21.Final
2020-10-19 16:16:48.440  WARN 13136 --- [restartedMain] JpaBaseConfiguration$JpaWebConfiguration : spring.jpa.open-in-view is enabled by default. Therefore, database queries may be performed during view rendering. Explicitly configure spring.jpa.open-in-view to disable this warning
2020-10-19 16:16:48.783  INFO 13136 --- [task-1] o.hibernate.annotations.common.Version   : HCANN000001: Hibernate Commons Annotations {5.1.0.Final}
2020-10-19 16:16:48.989  INFO 13136 --- [task-1] org.hibernate.dialect.Dialect            : HHH000400: Using dialect: org.hibernate.dialect.PostgreSQL10Dialect
2020-10-19 16:16:49.330  INFO 13136 --- [restartedMain] o.s.s.web.DefaultSecurityFilterChain     : Creating filter chain: any request, [org.springframework.security.web.context.request.async.WebAsyncManagerIntegrationFilter@3d49c6a, org.springframework.security.web.context.SecurityContextPersistenceFilter@18f17da7, org.springframework.security.web.header.HeaderWriterFilter@76d6b027, org.springframework.security.web.authentication.logout.LogoutFilter@286b3e6, org.springframework.security.web.authentication.www.BasicAuthenticationFilter@2d9ffb47, org.springframework.security.web.savedrequest.RequestCacheAwareFilter@4fd1158d, org.springframework.security.web.servletapi.SecurityContextHolderAwareRequestFilter@9495810, org.springframework.security.web.authentication.AnonymousAuthenticationFilter@6035846, org.springframework.security.web.session.SessionManagementFilter@3e4bd80d, org.springframework.security.web.access.ExceptionTranslationFilter@7306fc2b, org.springframework.security.web.access.intercept.FilterSecurityInterceptor@32af67d5]
2020-10-19 16:16:49.361  INFO 13136 --- [restartedMain] o.s.b.d.a.OptionalLiveReloadServer       : LiveReload server is running on port 35729
2020-10-19 16:16:49.424  INFO 13136 --- [restartedMain] o.s.b.w.embedded.tomcat.TomcatWebServer  : Tomcat started on port(s): 9000 (http) with context path ''
2020-10-19 16:16:49.427  INFO 13136 --- [restartedMain] DeferredRepositoryInitializationListener : Triggering deferred initialization of Spring Data repositories…
2020-10-19 16:16:49.427  INFO 13136 --- [restartedMain] DeferredRepositoryInitializationListener : Spring Data repositories initialized!
2020-10-19 16:16:49.445  INFO 13136 --- [restartedMain] com.laboramus.sales.SalesApplication     : Started SalesApplication in 4.319 seconds (JVM running for 5.418)
2020-10-19 16:16:49.640  INFO 13136 --- [task-1] o.h.e.t.j.p.i.JtaPlatformInitiator       : HHH000490: Using JtaPlatform implementation: [org.hibernate.engine.transaction.jta.platform.internal.NoJtaPlatform]
2020-10-19 16:16:49.655  INFO 13136 --- [task-1] j.LocalContainerEntityManagerFactoryBean : Initialized JPA EntityManagerFactory for persistence unit 'default'
2020-10-19 16:26:30.083  INFO 13136 --- [http-nio-9000-exec-2] o.apache.coyote.http11.Http11Processor   : Error parsing HTTP request header
 Note: further occurrences of HTTP request parsing errors will be logged at DEBUG level.

java.lang.IllegalArgumentException: Invalid character found in method name [0x160x030x010x000xf70x010x000x000xf30x030x030xdc0xd90xb20x820xd2g0xe20xef/0xf70xba0xe7(0xc09L9T0x1ezI0xdc0x830x9c0xeb0x0a(0xd0O0xf40xdf.]. HTTP method names must be tokens
	at org.apache.coyote.http11.Http11InputBuffer.parseRequestLine(Http11InputBuffer.java:413) ~[tomcat-embed-core-9.0.38.jar:9.0.38]
	at org.apache.coyote.http11.Http11Processor.service(Http11Processor.java:261) ~[tomcat-embed-core-9.0.38.jar:9.0.38]
	at org.apache.coyote.AbstractProcessorLight.process(AbstractProcessorLight.java:65) [tomcat-embed-core-9.0.38.jar:9.0.38]
	at org.apache.coyote.AbstractProtocol$ConnectionHandler.process(AbstractProtocol.java:868) [tomcat-embed-core-9.0.38.jar:9.0.38]
	at org.apache.tomcat.util.net.NioEndpoint$SocketProcessor.doRun(NioEndpoint.java:1590) [tomcat-embed-core-9.0.38.jar:9.0.38]
	at org.apache.tomcat.util.net.SocketProcessorBase.run(SocketProcessorBase.java:49) [tomcat-embed-core-9.0.38.jar:9.0.38]
	at java.util.concurrent.ThreadPoolExecutor.runWorker(ThreadPoolExecutor.java:1149) [na:1.8.0_201]
	at java.util.concurrent.ThreadPoolExecutor$Worker.run(ThreadPoolExecutor.java:624) [na:1.8.0_201]
	at org.apache.tomcat.util.threads.TaskThread$WrappingRunnable.run(TaskThread.java:61) [tomcat-embed-core-9.0.38.jar:9.0.38]
	at java.lang.Thread.run(Thread.java:748) [na:1.8.0_201]

2020-10-19 16:26:46.813  INFO 13136 --- [http-nio-9000-exec-4] o.a.c.c.C.[Tomcat].[localhost].[/]       : Initializing Spring DispatcherServlet 'dispatcherServlet'
2020-10-19 16:26:46.815  INFO 13136 --- [http-nio-9000-exec-4] o.s.web.servlet.DispatcherServlet        : Initializing Servlet 'dispatcherServlet'
2020-10-19 16:26:46.991  INFO 13136 --- [http-nio-9000-exec-4] o.s.web.servlet.DispatcherServlet        : Completed initialization in 176 ms
2020-10-19 16:26:48.818 ERROR 13136 --- [http-nio-9000-exec-4] c.l.sales.DAO.DatabaseOperationsImpl     : PreparedStatementCallback; bad SQL grammar [select distinct item_type, sum(total_profit) as totalProfits from sales where order_date >= ? and order_date <= ? group by item_type order by totalProfits desc limit 5]; nested exception is org.postgresql.util.PSQLException: ERROR: relation "sales" does not exist
  Position: 67
2020-10-19 16:36:02.333  INFO 13136 --- [http-nio-9000-exec-6] o.apache.coyote.http11.Http11Processor   : Error parsing HTTP request header
 Note: further occurrences of HTTP request parsing errors will be logged at DEBUG level.

java.lang.IllegalArgumentException: Invalid character found in method name [0x160x030x010x000xf70x010x000x000xf30x030x03z0x0cNM0x830xc80xe00x030x8070x91l0xf40x030xaa0x1a=0xb80xcboO0x8ao!0x9c0x060xbe0xc5t0xb30x820xad]. HTTP method names must be tokens
	at org.apache.coyote.http11.Http11InputBuffer.parseRequestLine(Http11InputBuffer.java:413) ~[tomcat-embed-core-9.0.38.jar:9.0.38]
	at org.apache.coyote.http11.Http11Processor.service(Http11Processor.java:261) ~[tomcat-embed-core-9.0.38.jar:9.0.38]
	at org.apache.coyote.AbstractProcessorLight.process(AbstractProcessorLight.java:65) [tomcat-embed-core-9.0.38.jar:9.0.38]
	at org.apache.coyote.AbstractProtocol$ConnectionHandler.process(AbstractProtocol.java:868) [tomcat-embed-core-9.0.38.jar:9.0.38]
	at org.apache.tomcat.util.net.NioEndpoint$SocketProcessor.doRun(NioEndpoint.java:1590) [tomcat-embed-core-9.0.38.jar:9.0.38]
	at org.apache.tomcat.util.net.SocketProcessorBase.run(SocketProcessorBase.java:49) [tomcat-embed-core-9.0.38.jar:9.0.38]
	at java.util.concurrent.ThreadPoolExecutor.runWorker(ThreadPoolExecutor.java:1149) [na:1.8.0_201]
	at java.util.concurrent.ThreadPoolExecutor$Worker.run(ThreadPoolExecutor.java:624) [na:1.8.0_201]
	at org.apache.tomcat.util.threads.TaskThread$WrappingRunnable.run(TaskThread.java:61) [tomcat-embed-core-9.0.38.jar:9.0.38]
	at java.lang.Thread.run(Thread.java:748) [na:1.8.0_201]

2020-10-19 16:37:19.367  INFO 9184 --- [restartedMain] com.laboramus.sales.SalesApplication     : Starting SalesApplication on PAVANS-PC with PID 9184 (D:\Neptune Projs\Laboramus-sales\build\classes\java\main started by PAVANS in D:\Neptune Projs\Laboramus-sales)
2020-10-19 16:37:19.384  INFO 9184 --- [restartedMain] com.laboramus.sales.SalesApplication     : No active profile set, falling back to default profiles: default
2020-10-19 16:37:19.427  INFO 9184 --- [restartedMain] .e.DevToolsPropertyDefaultsPostProcessor : Devtools property defaults active! Set 'spring.devtools.add-properties' to 'false' to disable
2020-10-19 16:37:19.427  INFO 9184 --- [restartedMain] .e.DevToolsPropertyDefaultsPostProcessor : For additional web related logging consider setting the 'logging.level.web' property to 'DEBUG'
2020-10-19 16:37:20.277  INFO 9184 --- [restartedMain] .s.d.r.c.RepositoryConfigurationDelegate : Multiple Spring Data modules found, entering strict repository configuration mode!
2020-10-19 16:37:20.278  INFO 9184 --- [restartedMain] .s.d.r.c.RepositoryConfigurationDelegate : Bootstrapping Spring Data JDBC repositories in DEFAULT mode.
2020-10-19 16:37:20.301  INFO 9184 --- [restartedMain] .s.d.r.c.RepositoryConfigurationDelegate : Finished Spring Data repository scanning in 17ms. Found 0 JDBC repository interfaces.
2020-10-19 16:37:20.310  INFO 9184 --- [restartedMain] .s.d.r.c.RepositoryConfigurationDelegate : Multiple Spring Data modules found, entering strict repository configuration mode!
2020-10-19 16:37:20.310  INFO 9184 --- [restartedMain] .s.d.r.c.RepositoryConfigurationDelegate : Bootstrapping Spring Data JPA repositories in DEFERRED mode.
2020-10-19 16:37:20.320  INFO 9184 --- [restartedMain] .s.d.r.c.RepositoryConfigurationDelegate : Finished Spring Data repository scanning in 4ms. Found 0 JPA repository interfaces.
2020-10-19 16:37:20.921  INFO 9184 --- [restartedMain] o.s.b.w.embedded.tomcat.TomcatWebServer  : Tomcat initialized with port(s): 9000 (http)
2020-10-19 16:37:20.933  INFO 9184 --- [restartedMain] o.apache.catalina.core.StandardService   : Starting service [Tomcat]
2020-10-19 16:37:20.935  INFO 9184 --- [restartedMain] org.apache.catalina.core.StandardEngine  : Starting Servlet engine: [Apache Tomcat/9.0.38]
2020-10-19 16:37:21.083  INFO 9184 --- [restartedMain] o.a.c.c.C.[Tomcat].[localhost].[/]       : Initializing Spring embedded WebApplicationContext
2020-10-19 16:37:21.083  INFO 9184 --- [restartedMain] w.s.c.ServletWebServerApplicationContext : Root WebApplicationContext: initialization completed in 1656 ms
2020-10-19 16:37:21.260  INFO 9184 --- [restartedMain] o.s.s.concurrent.ThreadPoolTaskExecutor  : Initializing ExecutorService 'applicationTaskExecutor'
2020-10-19 16:37:21.260  INFO 9184 --- [restartedMain] com.zaxxer.hikari.HikariDataSource       : HikariPool-1 - Starting...
2020-10-19 16:37:21.417  INFO 9184 --- [restartedMain] com.zaxxer.hikari.HikariDataSource       : HikariPool-1 - Start completed.
2020-10-19 16:37:21.468  INFO 9184 --- [task-1] o.hibernate.jpa.internal.util.LogHelper  : HHH000204: Processing PersistenceUnitInfo [name: default]
2020-10-19 16:37:21.532  INFO 9184 --- [task-1] org.hibernate.Version                    : HHH000412: Hibernate ORM core version 5.4.21.Final
2020-10-19 16:37:21.561  WARN 9184 --- [restartedMain] JpaBaseConfiguration$JpaWebConfiguration : spring.jpa.open-in-view is enabled by default. Therefore, database queries may be performed during view rendering. Explicitly configure spring.jpa.open-in-view to disable this warning
2020-10-19 16:37:21.911  INFO 9184 --- [task-1] o.hibernate.annotations.common.Version   : HCANN000001: Hibernate Commons Annotations {5.1.0.Final}
2020-10-19 16:37:22.154  INFO 9184 --- [task-1] org.hibernate.dialect.Dialect            : HHH000400: Using dialect: org.hibernate.dialect.PostgreSQL10Dialect
2020-10-19 16:37:22.470  INFO 9184 --- [restartedMain] o.s.s.web.DefaultSecurityFilterChain     : Creating filter chain: any request, [org.springframework.security.web.context.request.async.WebAsyncManagerIntegrationFilter@34c9bd47, org.springframework.security.web.context.SecurityContextPersistenceFilter@368795b6, org.springframework.security.web.header.HeaderWriterFilter@31e9a913, org.springframework.security.web.authentication.logout.LogoutFilter@47e4eb3c, org.springframework.security.web.authentication.www.BasicAuthenticationFilter@7c70645a, org.springframework.security.web.savedrequest.RequestCacheAwareFilter@3d069b71, org.springframework.security.web.servletapi.SecurityContextHolderAwareRequestFilter@7f5f5445, org.springframework.security.web.authentication.AnonymousAuthenticationFilter@48fd56c6, org.springframework.security.web.session.SessionManagementFilter@6866e73f, org.springframework.security.web.access.ExceptionTranslationFilter@75f8d908, org.springframework.security.web.access.intercept.FilterSecurityInterceptor@7e0d5c9a]
2020-10-19 16:37:22.508  INFO 9184 --- [restartedMain] o.s.b.d.a.OptionalLiveReloadServer       : LiveReload server is running on port 35729
2020-10-19 16:37:22.573  INFO 9184 --- [restartedMain] o.s.b.w.embedded.tomcat.TomcatWebServer  : Tomcat started on port(s): 9000 (http) with context path ''
2020-10-19 16:37:22.576  INFO 9184 --- [restartedMain] DeferredRepositoryInitializationListener : Triggering deferred initialization of Spring Data repositories…
2020-10-19 16:37:22.576  INFO 9184 --- [restartedMain] DeferredRepositoryInitializationListener : Spring Data repositories initialized!
2020-10-19 16:37:22.589  INFO 9184 --- [restartedMain] com.laboramus.sales.SalesApplication     : Started SalesApplication in 3.682 seconds (JVM running for 4.889)
2020-10-19 16:37:22.767  INFO 9184 --- [task-1] o.h.e.t.j.p.i.JtaPlatformInitiator       : HHH000490: Using JtaPlatform implementation: [org.hibernate.engine.transaction.jta.platform.internal.NoJtaPlatform]
2020-10-19 16:37:22.782  INFO 9184 --- [task-1] j.LocalContainerEntityManagerFactoryBean : Initialized JPA EntityManagerFactory for persistence unit 'default'
2020-10-19 16:37:33.234  INFO 9184 --- [http-nio-9000-exec-1] o.apache.coyote.http11.Http11Processor   : Error parsing HTTP request header
 Note: further occurrences of HTTP request parsing errors will be logged at DEBUG level.

java.lang.IllegalArgumentException: Invalid character found in method name [0x160x030x010x000xf70x010x000x000xf30x030x030x0d0xa5m0xc1560xc80x850xdcR0xef0x1fk0xa90xd10xbcPV(a0xbc0x1d0x170xd00xac0xc30x060x8b0x16Y0xf4r]. HTTP method names must be tokens
	at org.apache.coyote.http11.Http11InputBuffer.parseRequestLine(Http11InputBuffer.java:413) ~[tomcat-embed-core-9.0.38.jar:9.0.38]
	at org.apache.coyote.http11.Http11Processor.service(Http11Processor.java:261) ~[tomcat-embed-core-9.0.38.jar:9.0.38]
	at org.apache.coyote.AbstractProcessorLight.process(AbstractProcessorLight.java:65) [tomcat-embed-core-9.0.38.jar:9.0.38]
	at org.apache.coyote.AbstractProtocol$ConnectionHandler.process(AbstractProtocol.java:868) [tomcat-embed-core-9.0.38.jar:9.0.38]
	at org.apache.tomcat.util.net.NioEndpoint$SocketProcessor.doRun(NioEndpoint.java:1590) [tomcat-embed-core-9.0.38.jar:9.0.38]
	at org.apache.tomcat.util.net.SocketProcessorBase.run(SocketProcessorBase.java:49) [tomcat-embed-core-9.0.38.jar:9.0.38]
	at java.util.concurrent.ThreadPoolExecutor.runWorker(ThreadPoolExecutor.java:1149) [na:1.8.0_201]
	at java.util.concurrent.ThreadPoolExecutor$Worker.run(ThreadPoolExecutor.java:624) [na:1.8.0_201]
	at org.apache.tomcat.util.threads.TaskThread$WrappingRunnable.run(TaskThread.java:61) [tomcat-embed-core-9.0.38.jar:9.0.38]
	at java.lang.Thread.run(Thread.java:748) [na:1.8.0_201]

2020-10-19 16:37:41.935  INFO 9184 --- [http-nio-9000-exec-4] o.apache.coyote.http11.Http11Processor   : Error parsing HTTP request header
 Note: further occurrences of HTTP request parsing errors will be logged at DEBUG level.

java.lang.IllegalArgumentException: Invalid character found in method name [0x160x030x010x000xf70x010x000x000xf30x030x030xbej0xeb0xf20x070xbeh0x0f0xa90xf8]0xb10xc50x070x0d0x1ct0xf20xa90x9a0xc2?0xdb0xf20xb30xf20xb5o%0x8a;k]. HTTP method names must be tokens
	at org.apache.coyote.http11.Http11InputBuffer.parseRequestLine(Http11InputBuffer.java:413) ~[tomcat-embed-core-9.0.38.jar:9.0.38]
	at org.apache.coyote.http11.Http11Processor.service(Http11Processor.java:261) ~[tomcat-embed-core-9.0.38.jar:9.0.38]
	at org.apache.coyote.AbstractProcessorLight.process(AbstractProcessorLight.java:65) [tomcat-embed-core-9.0.38.jar:9.0.38]
	at org.apache.coyote.AbstractProtocol$ConnectionHandler.process(AbstractProtocol.java:868) [tomcat-embed-core-9.0.38.jar:9.0.38]
	at org.apache.tomcat.util.net.NioEndpoint$SocketProcessor.doRun(NioEndpoint.java:1590) [tomcat-embed-core-9.0.38.jar:9.0.38]
	at org.apache.tomcat.util.net.SocketProcessorBase.run(SocketProcessorBase.java:49) [tomcat-embed-core-9.0.38.jar:9.0.38]
	at java.util.concurrent.ThreadPoolExecutor.runWorker(ThreadPoolExecutor.java:1149) [na:1.8.0_201]
	at java.util.concurrent.ThreadPoolExecutor$Worker.run(ThreadPoolExecutor.java:624) [na:1.8.0_201]
	at org.apache.tomcat.util.threads.TaskThread$WrappingRunnable.run(TaskThread.java:61) [tomcat-embed-core-9.0.38.jar:9.0.38]
	at java.lang.Thread.run(Thread.java:748) [na:1.8.0_201]

2020-10-19 16:37:52.480  INFO 9184 --- [http-nio-9000-exec-6] o.a.c.c.C.[Tomcat].[localhost].[/]       : Initializing Spring DispatcherServlet 'dispatcherServlet'
2020-10-19 16:37:52.481  INFO 9184 --- [http-nio-9000-exec-6] o.s.web.servlet.DispatcherServlet        : Initializing Servlet 'dispatcherServlet'
2020-10-19 16:37:52.492  INFO 9184 --- [http-nio-9000-exec-6] o.s.web.servlet.DispatcherServlet        : Completed initialization in 11 ms
2020-10-19 16:37:52.973 ERROR 9184 --- [http-nio-9000-exec-6] c.l.sales.DAO.DatabaseOperationsImpl     : org.springframework.jdbc.BadSqlGrammarException: StatementCallback; bad SQL grammar [select sale_id, order_date , order_priority , units_sold, unit_price, total_cost , item_type  from sales limit 1000;]; nested exception is org.postgresql.util.PSQLException: ERROR: relation "sales" does not exist
  Position: 100
2020-10-19 16:38:30.451  INFO 9184 --- [http-nio-9000-exec-9] c.l.sales.controller.SalesController     : org.springframework.jdbc.BadSqlGrammarException: PreparedStatementCallback; bad SQL grammar [INSERT INTO sales (region, country, item_type, sales_channel, order_priority, order_date, order_id, ship_date, units_sold, unit_price, unit_cost, total_revenue, total_cost, total_profit)  VALUES(?, ?, ?, ?, ?, ?, ?, ?, ?, ?, ?, ?, ?, ?);]; nested exception is org.postgresql.util.PSQLException: ERROR: relation "sales" does not exist
  Position: 13
